  [4;36;1mSQL (0.4ms)[0m   [0;1mSET SQL_AUTO_IS_NULL=0[0m


Processing HomeController#index (for 127.0.0.1 at 2010-02-15 17:04:21) [GET]
Rendering template within layouts/application
Rendering home/index
Completed in 68ms (View: 66, DB: 0) | 200 OK [http://localhost/home]
  [4;35;1mSQL (0.1ms)[0m   [0mSET SQL_AUTO_IS_NULL=0[0m


Processing HomeController#index (for 127.0.0.1 at 2010-02-15 17:06:11) [GET]
Rendering template within layouts/application
Rendering home/index
Completed in 4ms (View: 2, DB: 0) | 200 OK [http://localhost/home]
  [4;36;1mSQL (0.1ms)[0m   [0;1mSET SQL_AUTO_IS_NULL=0[0m


Processing HomeController#index (for 127.0.0.1 at 2010-02-15 17:11:21) [GET]
Rendering template within layouts/application
Rendering home/index
Completed in 10ms (View: 9, DB: 0) | 200 OK [http://localhost/home]
  [4;35;1mSQL (0.1ms)[0m   [0mSET SQL_AUTO_IS_NULL=0[0m


Processing HomeController#index (for 127.0.0.1 at 2010-02-15 17:12:26) [GET]
Rendering template within layouts/application
Rendering home/index
Completed in 4ms (View: 2, DB: 0) | 200 OK [http://localhost/home]
  [4;36;1mSQL (0.1ms)[0m   [0;1mSET SQL_AUTO_IS_NULL=0[0m


Processing HomeController#index (for 127.0.0.1 at 2010-02-15 17:14:23) [GET]
Rendering template within layouts/application
Rendering home/index
Completed in 4ms (View: 3, DB: 0) | 200 OK [http://localhost/home]
  [4;35;1mSQL (0.1ms)[0m   [0mSET SQL_AUTO_IS_NULL=0[0m


Processing HomeController#index (for 127.0.0.1 at 2010-02-15 17:15:44) [GET]
Rendering template within layouts/application
Rendering home/index
Completed in 5ms (View: 3, DB: 0) | 200 OK [http://localhost/home]
  [4;36;1mSQL (0.2ms)[0m   [0;1mSET SQL_AUTO_IS_NULL=0[0m


Processing HomeController#index (for 127.0.0.1 at 2010-02-15 17:18:30) [GET]
Rendering template within layouts/application
Rendering home/index
Completed in 12ms (View: 11, DB: 0) | 200 OK [http://localhost/home]
  [4;35;1mSQL (0.2ms)[0m   [0mSET SQL_AUTO_IS_NULL=0[0m


Processing HomeController#index (for 127.0.0.1 at 2010-02-15 17:18:32) [GET]
Rendering template within layouts/application
Rendering home/index
Completed in 7ms (View: 3, DB: 0) | 200 OK [http://localhost/home]
  [4;36;1mSQL (0.1ms)[0m   [0;1mSET SQL_AUTO_IS_NULL=0[0m


Processing HomeController#index (for 127.0.0.1 at 2010-02-15 17:20:07) [GET]
Rendering template within layouts/application
Rendering home/index
Completed in 5ms (View: 4, DB: 0) | 200 OK [http://localhost/home]
  [4;35;1mSQL (0.1ms)[0m   [0mSET SQL_AUTO_IS_NULL=0[0m


Processing HomeController#index (for 127.0.0.1 at 2010-02-15 17:20:10) [GET]
Rendering template within layouts/application
Rendering home/index
Completed in 4ms (View: 2, DB: 0) | 200 OK [http://localhost/home]
  [4;36;1mSQL (0.2ms)[0m   [0;1mSET SQL_AUTO_IS_NULL=0[0m


Processing HomeController#index (for 127.0.0.1 at 2010-02-15 17:21:05) [GET]
Rendering template within layouts/application
Rendering home/index
Completed in 4ms (View: 2, DB: 0) | 200 OK [http://localhost/home]
  [4;35;1mSQL (0.1ms)[0m   [0mSET SQL_AUTO_IS_NULL=0[0m


Processing HomeController#index (for 127.0.0.1 at 2010-02-15 17:22:43) [GET]
Rendering template within layouts/application
Rendering home/index
Completed in 8ms (View: 7, DB: 0) | 200 OK [http://localhost/home]
  [4;36;1mSQL (0.1ms)[0m   [0;1mSET SQL_AUTO_IS_NULL=0[0m


Processing HomeController#index (for 127.0.0.1 at 2010-02-15 17:22:57) [GET]
Rendering template within layouts/application
Rendering home/index
Completed in 8ms (View: 7, DB: 0) | 200 OK [http://localhost/home]
  [4;35;1mSQL (0.1ms)[0m   [0mSET SQL_AUTO_IS_NULL=0[0m


Processing HomeController#index (for 127.0.0.1 at 2010-02-15 17:25:17) [GET]
Rendering template within layouts/application
Rendering home/index
Completed in 27ms (View: 25, DB: 0) | 200 OK [http://localhost/home]
  [4;36;1mSQL (0.1ms)[0m   [0;1mSET SQL_AUTO_IS_NULL=0[0m


Processing HomeController#index (for 127.0.0.1 at 2010-02-15 17:30:36) [GET]
Rendering template within layouts/application
Rendering home/index
Completed in 8ms (View: 7, DB: 0) | 200 OK [http://localhost/home]
  [4;35;1mSQL (0.1ms)[0m   [0mSET SQL_AUTO_IS_NULL=0[0m


Processing HomeController#index (for 127.0.0.1 at 2010-02-15 17:31:19) [GET]
Rendering template within layouts/application
Rendering home/index
Completed in 8ms (View: 6, DB: 0) | 200 OK [http://localhost/home]
  [4;36;1mSQL (0.1ms)[0m   [0;1mSET SQL_AUTO_IS_NULL=0[0m


Processing HomeController#index (for 127.0.0.1 at 2010-02-15 17:31:39) [GET]
Rendering template within layouts/application
Rendering home/index
Completed in 8ms (View: 7, DB: 0) | 200 OK [http://localhost/home]
  [4;35;1mSQL (0.1ms)[0m   [0mSET SQL_AUTO_IS_NULL=0[0m


Processing HomeController#index (for 127.0.0.1 at 2010-02-15 17:31:41) [GET]
Rendering template within layouts/application
Rendering home/index
Completed in 4ms (View: 3, DB: 0) | 200 OK [http://localhost/home]
  [4;36;1mSQL (0.1ms)[0m   [0;1mSET SQL_AUTO_IS_NULL=0[0m


Processing HomeController#index (for 127.0.0.1 at 2010-02-15 17:31:53) [GET]
Rendering template within layouts/application
Rendering home/index
Completed in 9ms (View: 8, DB: 0) | 200 OK [http://localhost/home]
  [4;35;1mSQL (0.1ms)[0m   [0mSET SQL_AUTO_IS_NULL=0[0m


Processing HomeController#index (for 127.0.0.1 at 2010-02-15 17:33:34) [GET]
Rendering template within layouts/application
Rendering home/index
Completed in 9ms (View: 7, DB: 0) | 200 OK [http://localhost/home]
  [4;36;1mSQL (0.2ms)[0m   [0;1mSET SQL_AUTO_IS_NULL=0[0m


Processing HomeController#index (for 127.0.0.1 at 2010-02-15 17:34:27) [GET]
Rendering template within layouts/application
Rendering home/index
Completed in 10ms (View: 9, DB: 0) | 200 OK [http://localhost/home]
  [4;35;1mSQL (0.4ms)[0m   [0mSET SQL_AUTO_IS_NULL=0[0m


Processing HomeController#index (for 127.0.0.1 at 2010-02-15 20:58:11) [GET]
Rendering template within layouts/application
Rendering home/index
Completed in 14ms (View: 11, DB: 0) | 200 OK [http://localhost/home]
  [4;36;1mSQL (0.1ms)[0m   [0;1mSET SQL_AUTO_IS_NULL=0[0m


Processing HomeController#index (for 127.0.0.1 at 2010-02-15 20:58:49) [GET]
Rendering template within layouts/application
Rendering home/index
Completed in 9ms (View: 8, DB: 0) | 200 OK [http://localhost/home]
  [4;35;1mSQL (0.1ms)[0m   [0mSET SQL_AUTO_IS_NULL=0[0m


Processing HomeController#index (for 127.0.0.1 at 2010-02-15 21:05:50) [GET]
Rendering template within layouts/application
Rendering home/index
Completed in 11ms (View: 9, DB: 0) | 200 OK [http://localhost/home]
  [4;36;1mSQL (0.2ms)[0m   [0;1mSET SQL_AUTO_IS_NULL=0[0m


Processing ApplicationController#index (for 127.0.0.1 at 2010-02-15 21:05:50) [GET]

ActionController::RoutingError (No route matches "/stylesheets/images/home/featured-content-background.jpg" with {:method=>:get}):
  

Rendering rescues/layout (not_found)
  [4;35;1mSQL (0.1ms)[0m   [0mSET SQL_AUTO_IS_NULL=0[0m


Processing HomeController#index (for 127.0.0.1 at 2010-02-15 21:06:21) [GET]
Rendering template within layouts/application
Rendering home/index
Completed in 5ms (View: 4, DB: 0) | 200 OK [http://localhost/home]
  [4;36;1mSQL (0.1ms)[0m   [0;1mSET SQL_AUTO_IS_NULL=0[0m


Processing HomeController#index (for 127.0.0.1 at 2010-02-15 21:07:11) [GET]
Rendering template within layouts/application
Rendering home/index
Completed in 8ms (View: 7, DB: 0) | 200 OK [http://localhost/home]
  [4;35;1mSQL (0.1ms)[0m   [0mSET SQL_AUTO_IS_NULL=0[0m


Processing HomeController#index (for 127.0.0.1 at 2010-02-15 21:09:31) [GET]
Rendering template within layouts/application
Rendering home/index
Completed in 7ms (View: 5, DB: 0) | 200 OK [http://localhost/home]
  [4;36;1mSQL (2.1ms)[0m   [0;1mSET SQL_AUTO_IS_NULL=0[0m


Processing HomeController#index (for 127.0.0.1 at 2010-02-15 21:10:30) [GET]
Rendering template within layouts/application
Rendering home/index
Completed in 8ms (View: 6, DB: 2) | 200 OK [http://localhost/home]
  [4;35;1mSQL (0.2ms)[0m   [0mSET SQL_AUTO_IS_NULL=0[0m


Processing HomeController#index (for 127.0.0.1 at 2010-02-15 21:10:49) [GET]
Rendering template within layouts/application
Rendering home/index
Completed in 6ms (View: 4, DB: 0) | 200 OK [http://localhost/home]
  [4;36;1mSQL (0.1ms)[0m   [0;1mSET SQL_AUTO_IS_NULL=0[0m


Processing HomeController#index (for 127.0.0.1 at 2010-02-15 21:11:08) [GET]
Rendering template within layouts/application
Rendering home/index
Completed in 6ms (View: 5, DB: 0) | 200 OK [http://localhost/home]
  [4;35;1mSQL (0.1ms)[0m   [0mSET SQL_AUTO_IS_NULL=0[0m


Processing HomeController#index (for 127.0.0.1 at 2010-02-15 21:12:33) [GET]
Rendering template within layouts/application
Rendering home/index
Completed in 14ms (View: 13, DB: 0) | 200 OK [http://localhost/home]
  [4;36;1mSQL (0.1ms)[0m   [0;1mSET SQL_AUTO_IS_NULL=0[0m


Processing HomeController#index (for 127.0.0.1 at 2010-02-15 21:13:06) [GET]
Rendering template within layouts/application
Rendering home/index
Completed in 5ms (View: 4, DB: 0) | 200 OK [http://localhost/home]
  [4;35;1mSQL (0.1ms)[0m   [0mSET SQL_AUTO_IS_NULL=0[0m


Processing HomeController#index (for 127.0.0.1 at 2010-02-15 21:13:45) [GET]
Rendering template within layouts/application
Rendering home/index
Completed in 7ms (View: 4, DB: 0) | 200 OK [http://localhost/home]
  [4;36;1mSQL (0.1ms)[0m   [0;1mSET SQL_AUTO_IS_NULL=0[0m


Processing HomeController#index (for 127.0.0.1 at 2010-02-15 21:16:58) [GET]
Rendering template within layouts/application
Rendering home/index
Completed in 12ms (View: 11, DB: 0) | 200 OK [http://localhost/home]
  [4;35;1mSQL (0.2ms)[0m   [0mSET SQL_AUTO_IS_NULL=0[0m


Processing HomeController#index (for 127.0.0.1 at 2010-02-15 21:17:16) [GET]
Rendering template within layouts/application
Rendering home/index
Completed in 5ms (View: 4, DB: 0) | 200 OK [http://localhost/home]
  [4;36;1mSQL (0.1ms)[0m   [0;1mSET SQL_AUTO_IS_NULL=0[0m


Processing HomeController#index (for 127.0.0.1 at 2010-02-15 21:18:53) [GET]
Rendering template within layouts/application
Rendering home/index
Completed in 15ms (View: 13, DB: 0) | 200 OK [http://localhost/home]
  [4;35;1mSQL (0.1ms)[0m   [0mSET SQL_AUTO_IS_NULL=0[0m


Processing HomeController#index (for 127.0.0.1 at 2010-02-15 21:20:31) [GET]
Rendering template within layouts/application
Rendering home/index
Completed in 10ms (View: 9, DB: 0) | 200 OK [http://localhost/home]
  [4;36;1mSQL (0.1ms)[0m   [0;1mSET SQL_AUTO_IS_NULL=0[0m


Processing HomeController#index (for 127.0.0.1 at 2010-02-15 21:21:37) [GET]
Rendering template within layouts/application
Rendering home/index
Completed in 9ms (View: 8, DB: 0) | 200 OK [http://localhost/home]
  [4;35;1mSQL (0.1ms)[0m   [0mSET SQL_AUTO_IS_NULL=0[0m


Processing HomeController#index (for 127.0.0.1 at 2010-02-15 21:22:22) [GET]
Rendering template within layouts/application
Rendering home/index
Completed in 11ms (View: 10, DB: 0) | 200 OK [http://localhost/home]
  [4;36;1mSQL (0.2ms)[0m   [0;1mSET SQL_AUTO_IS_NULL=0[0m


Processing HomeController#index (for 127.0.0.1 at 2010-02-15 21:22:23) [GET]
Rendering template within layouts/application
Rendering home/index
Completed in 5ms (View: 4, DB: 0) | 200 OK [http://localhost/home]
  [4;35;1mSQL (0.8ms)[0m   [0mSET SQL_AUTO_IS_NULL=0[0m


Processing HomeController#index (for 127.0.0.1 at 2010-02-15 21:24:09) [GET]
Rendering template within layouts/application
Rendering home/index
Completed in 10ms (View: 8, DB: 1) | 200 OK [http://localhost/home]
  [4;36;1mSQL (0.1ms)[0m   [0;1mSET SQL_AUTO_IS_NULL=0[0m


Processing HomeController#index (for 127.0.0.1 at 2010-02-15 21:24:43) [GET]
Rendering template within layouts/application
Rendering home/index
Completed in 5ms (View: 4, DB: 0) | 200 OK [http://localhost/home]
  [4;35;1mSQL (0.1ms)[0m   [0mSET SQL_AUTO_IS_NULL=0[0m


Processing HomeController#index (for 127.0.0.1 at 2010-02-15 21:26:12) [GET]
Rendering template within layouts/application
Rendering home/index
Completed in 5ms (View: 4, DB: 0) | 200 OK [http://localhost/home]
  [4;36;1mSQL (0.1ms)[0m   [0;1mSET SQL_AUTO_IS_NULL=0[0m


Processing HomeController#index (for 127.0.0.1 at 2010-02-15 21:27:17) [GET]
Rendering template within layouts/application
Rendering home/index
Completed in 5ms (View: 4, DB: 0) | 200 OK [http://localhost/home]
  [4;35;1mSQL (0.2ms)[0m   [0mSET SQL_AUTO_IS_NULL=0[0m


Processing HomeController#index (for 127.0.0.1 at 2010-02-15 21:32:18) [GET]
Rendering template within layouts/application
Rendering home/index
Completed in 10ms (View: 9, DB: 0) | 200 OK [http://localhost/home]
  [4;36;1mSQL (0.1ms)[0m   [0;1mSET SQL_AUTO_IS_NULL=0[0m


Processing ApplicationController#index (for 127.0.0.1 at 2010-02-15 21:32:18) [GET]

ActionController::RoutingError (No route matches "/javascripts/jquery-sifr.js" with {:method=>:get}):
  

Rendering rescues/layout (not_found)
  [4;35;1mSQL (0.2ms)[0m   [0mSET SQL_AUTO_IS_NULL=0[0m


Processing ApplicationController#index (for 127.0.0.1 at 2010-02-15 21:32:18) [GET]

ActionController::RoutingError (No route matches "/javascripts/jquery-swfobject.js" with {:method=>:get}):
  

Rendering rescues/layout (not_found)
  [4;36;1mSQL (0.1ms)[0m   [0;1mSET SQL_AUTO_IS_NULL=0[0m


Processing ApplicationController#index (for 127.0.0.1 at 2010-02-15 21:32:18) [GET]

ActionController::RoutingError (No route matches "/javascripts/jquery-sifr.js" with {:method=>:get}):
  

Rendering rescues/layout (not_found)
  [4;35;1mSQL (0.1ms)[0m   [0mSET SQL_AUTO_IS_NULL=0[0m


Processing ApplicationController#index (for 127.0.0.1 at 2010-02-15 21:32:18) [GET]

ActionController::RoutingError (No route matches "/javascripts/jquery-swfobject.js" with {:method=>:get}):
  

Rendering rescues/layout (not_found)
  [4;36;1mSQL (0.1ms)[0m   [0;1mSET SQL_AUTO_IS_NULL=0[0m


Processing HomeController#index (for 127.0.0.1 at 2010-02-15 21:39:58) [GET]
Rendering template within layouts/application
Rendering home/index
Completed in 50ms (View: 49, DB: 0) | 200 OK [http://localhost/home]
  [4;35;1mSQL (0.1ms)[0m   [0mSET SQL_AUTO_IS_NULL=0[0m


Processing ApplicationController#index (for 127.0.0.1 at 2010-02-15 21:39:58) [GET]

ActionController::RoutingError (No route matches "/javascripts/jquery-sifr.js" with {:method=>:get}):
  

Rendering rescues/layout (not_found)
  [4;36;1mSQL (0.1ms)[0m   [0;1mSET SQL_AUTO_IS_NULL=0[0m


Processing ApplicationController#index (for 127.0.0.1 at 2010-02-15 21:39:58) [GET]

ActionController::RoutingError (No route matches "/javascripts/jquery-swfobject.js" with {:method=>:get}):
  

Rendering rescues/layout (not_found)
  [4;35;1mSQL (0.1ms)[0m   [0mSET SQL_AUTO_IS_NULL=0[0m


Processing ApplicationController#index (for 127.0.0.1 at 2010-02-15 21:39:58) [GET]

ActionController::RoutingError (No route matches "/javascripts/jquery-sifr.js" with {:method=>:get}):
  

Rendering rescues/layout (not_found)
  [4;36;1mSQL (0.2ms)[0m   [0;1mSET SQL_AUTO_IS_NULL=0[0m


Processing ApplicationController#index (for 127.0.0.1 at 2010-02-15 21:39:58) [GET]

ActionController::RoutingError (No route matches "/javascripts/jquery-swfobject.js" with {:method=>:get}):
  

Rendering rescues/layout (not_found)
  [4;35;1mSQL (0.3ms)[0m   [0mSET SQL_AUTO_IS_NULL=0[0m


Processing HomeController#index (for 127.0.0.1 at 2010-02-15 21:41:11) [GET]
Rendering template within layouts/application
Rendering home/index
Completed in 7ms (View: 5, DB: 0) | 200 OK [http://localhost/home]
  [4;36;1mSQL (0.1ms)[0m   [0;1mSET SQL_AUTO_IS_NULL=0[0m


Processing ApplicationController#index (for 127.0.0.1 at 2010-02-15 21:41:12) [GET]

ActionController::RoutingError (No route matches "/javascripts/jquery-sifr.js" with {:method=>:get}):
  

Rendering rescues/layout (not_found)
  [4;35;1mSQL (0.1ms)[0m   [0mSET SQL_AUTO_IS_NULL=0[0m


Processing ApplicationController#index (for 127.0.0.1 at 2010-02-15 21:41:12) [GET]

ActionController::RoutingError (No route matches "/javascripts/jquery-swfobject.js" with {:method=>:get}):
  

Rendering rescues/layout (not_found)
  [4;36;1mSQL (0.3ms)[0m   [0;1mSET SQL_AUTO_IS_NULL=0[0m


Processing ApplicationController#index (for 127.0.0.1 at 2010-02-15 21:41:12) [GET]

ActionController::RoutingError (No route matches "/javascripts/jquery-sifr.js" with {:method=>:get}):
  

Rendering rescues/layout (not_found)
  [4;35;1mSQL (0.1ms)[0m   [0mSET SQL_AUTO_IS_NULL=0[0m


Processing ApplicationController#index (for 127.0.0.1 at 2010-02-15 21:41:12) [GET]

ActionController::RoutingError (No route matches "/javascripts/jquery-swfobject.js" with {:method=>:get}):
  

Rendering rescues/layout (not_found)
  [4;36;1mSQL (0.1ms)[0m   [0;1mSET SQL_AUTO_IS_NULL=0[0m


Processing HomeController#index (for 127.0.0.1 at 2010-02-15 21:42:57) [GET]
Rendering template within layouts/application
Rendering home/index
Completed in 11ms (View: 9, DB: 0) | 200 OK [http://localhost/home]
  [4;35;1mSQL (0.2ms)[0m   [0mSET SQL_AUTO_IS_NULL=0[0m


Processing ApplicationController#index (for 127.0.0.1 at 2010-02-15 21:42:58) [GET]

ActionController::RoutingError (No route matches "/fonts/.swf" with {:method=>:get}):
  

Rendering rescues/layout (not_found)
  [4;36;1mSQL (0.1ms)[0m   [0;1mSET SQL_AUTO_IS_NULL=0[0m


Processing ApplicationController#index (for 127.0.0.1 at 2010-02-15 21:42:58) [GET]

ActionController::RoutingError (No route matches "/fonts/Gotham%20Light.swf" with {:method=>:get}):
  

Rendering rescues/layout (not_found)
  [4;35;1mSQL (0.1ms)[0m   [0mSET SQL_AUTO_IS_NULL=0[0m


Processing HomeController#index (for 127.0.0.1 at 2010-02-15 21:48:29) [GET]
Rendering template within layouts/application
Rendering home/index
Completed in 10ms (View: 9, DB: 0) | 200 OK [http://localhost/home]
  [4;36;1mSQL (0.1ms)[0m   [0;1mSET SQL_AUTO_IS_NULL=0[0m


Processing ApplicationController#index (for 127.0.0.1 at 2010-02-15 21:48:29) [GET]

ActionController::RoutingError (No route matches "/fonts/.swf" with {:method=>:get}):
  

Rendering rescues/layout (not_found)
  [4;35;1mSQL (0.1ms)[0m   [0mSET SQL_AUTO_IS_NULL=0[0m


Processing HomeController#index (for 127.0.0.1 at 2010-02-15 21:49:09) [GET]
Rendering template within layouts/application
Rendering home/index
Completed in 14ms (View: 12, DB: 0) | 200 OK [http://localhost/home]
  [4;36;1mSQL (0.1ms)[0m   [0;1mSET SQL_AUTO_IS_NULL=0[0m


Processing ApplicationController#index (for 127.0.0.1 at 2010-02-15 21:49:09) [GET]

ActionController::RoutingError (No route matches "/fonts/.swf" with {:method=>:get}):
  

Rendering rescues/layout (not_found)
  [4;35;1mSQL (0.1ms)[0m   [0mSET SQL_AUTO_IS_NULL=0[0m


Processing HomeController#index (for 127.0.0.1 at 2010-02-15 21:49:28) [GET]
Rendering template within layouts/application
Rendering home/index
Completed in 17ms (View: 15, DB: 0) | 200 OK [http://localhost/home]
  [4;36;1mSQL (0.1ms)[0m   [0;1mSET SQL_AUTO_IS_NULL=0[0m


Processing ApplicationController#index (for 127.0.0.1 at 2010-02-15 21:49:28) [GET]

ActionController::RoutingError (No route matches "/fonts/.swf" with {:method=>:get}):
  

Rendering rescues/layout (not_found)
  [4;35;1mSQL (0.1ms)[0m   [0mSET SQL_AUTO_IS_NULL=0[0m


Processing HomeController#index (for 127.0.0.1 at 2010-02-15 21:53:58) [GET]
Rendering template within layouts/application
Rendering home/index
Completed in 52ms (View: 51, DB: 0) | 200 OK [http://localhost/home]
  [4;36;1mSQL (0.3ms)[0m   [0;1mSET SQL_AUTO_IS_NULL=0[0m


Processing ApplicationController#index (for 127.0.0.1 at 2010-02-15 21:53:58) [GET]

ActionController::RoutingError (No route matches "/fonts/.swf" with {:method=>:get}):
  

Rendering rescues/layout (not_found)
  [4;35;1mSQL (0.2ms)[0m   [0mSET SQL_AUTO_IS_NULL=0[0m


Processing HomeController#index (for 127.0.0.1 at 2010-02-15 21:56:07) [GET]
Rendering template within layouts/application
Rendering home/index
Completed in 10ms (View: 9, DB: 0) | 200 OK [http://localhost/home]
  [4;36;1mSQL (0.1ms)[0m   [0;1mSET SQL_AUTO_IS_NULL=0[0m


Processing ApplicationController#index (for 127.0.0.1 at 2010-02-15 21:56:07) [GET]

ActionController::RoutingError (No route matches "/fonts/.swf" with {:method=>:get}):
  

Rendering rescues/layout (not_found)
  [4;35;1mSQL (0.3ms)[0m   [0mSET SQL_AUTO_IS_NULL=0[0m


Processing HomeController#index (for 127.0.0.1 at 2010-02-15 21:56:51) [GET]
Rendering template within layouts/application
Rendering home/index
Completed in 6ms (View: 5, DB: 0) | 200 OK [http://localhost/home]
  [4;36;1mSQL (0.2ms)[0m   [0;1mSET SQL_AUTO_IS_NULL=0[0m


Processing ApplicationController#index (for 127.0.0.1 at 2010-02-15 21:56:51) [GET]

ActionController::RoutingError (No route matches "/fonts/.swf" with {:method=>:get}):
  

Rendering rescues/layout (not_found)
  [4;35;1mSQL (0.4ms)[0m   [0mSET SQL_AUTO_IS_NULL=0[0m


Processing HomeController#index (for 127.0.0.1 at 2010-02-15 21:57:14) [GET]
Rendering template within layouts/application
Rendering home/index
Completed in 11ms (View: 9, DB: 0) | 200 OK [http://localhost/home]
  [4;36;1mSQL (0.1ms)[0m   [0;1mSET SQL_AUTO_IS_NULL=0[0m


Processing ApplicationController#index (for 127.0.0.1 at 2010-02-15 21:57:15) [GET]

ActionController::RoutingError (No route matches "/fonts/.swf" with {:method=>:get}):
  

Rendering rescues/layout (not_found)
  [4;35;1mSQL (1.2ms)[0m   [0mSET SQL_AUTO_IS_NULL=0[0m


Processing HomeController#index (for 127.0.0.1 at 2010-02-15 21:58:09) [GET]
Rendering template within layouts/application
Rendering home/index
Completed in 12ms (View: 10, DB: 1) | 200 OK [http://localhost/home]
  [4;36;1mSQL (0.1ms)[0m   [0;1mSET SQL_AUTO_IS_NULL=0[0m


Processing ApplicationController#index (for 127.0.0.1 at 2010-02-15 21:58:09) [GET]

ActionController::RoutingError (No route matches "/fonts/.swf" with {:method=>:get}):
  

Rendering rescues/layout (not_found)
  [4;35;1mSQL (0.1ms)[0m   [0mSET SQL_AUTO_IS_NULL=0[0m


Processing ApplicationController#index (for 127.0.0.1 at 2010-02-15 21:58:09) [GET]

ActionController::RoutingError (No route matches "/fonts/Gotham%20Light.swf" with {:method=>:get}):
  

Rendering rescues/layout (not_found)
  [4;36;1mSQL (0.1ms)[0m   [0;1mSET SQL_AUTO_IS_NULL=0[0m


Processing HomeController#index (for 127.0.0.1 at 2010-02-15 22:00:43) [GET]
Rendering template within layouts/application
Rendering home/index
Completed in 12ms (View: 10, DB: 0) | 200 OK [http://localhost/home]
  [4;35;1mSQL (0.1ms)[0m   [0mSET SQL_AUTO_IS_NULL=0[0m


Processing ApplicationController#index (for 127.0.0.1 at 2010-02-15 22:00:43) [GET]

ActionController::RoutingError (No route matches "/fonts/.swf" with {:method=>:get}):
  

Rendering rescues/layout (not_found)
  [4;36;1mSQL (0.1ms)[0m   [0;1mSET SQL_AUTO_IS_NULL=0[0m


Processing ApplicationController#index (for 127.0.0.1 at 2010-02-15 22:00:43) [GET]

ActionController::RoutingError (No route matches "/fonts/Gotham-Light.swf" with {:method=>:get}):
  

Rendering rescues/layout (not_found)
  [4;35;1mSQL (0.1ms)[0m   [0mSET SQL_AUTO_IS_NULL=0[0m


Processing HomeController#index (for 127.0.0.1 at 2010-02-15 22:04:01) [GET]
Rendering template within layouts/application
Rendering home/index
Completed in 6ms (View: 5, DB: 0) | 200 OK [http://localhost/home]
  [4;36;1mSQL (0.1ms)[0m   [0;1mSET SQL_AUTO_IS_NULL=0[0m


Processing ApplicationController#index (for 127.0.0.1 at 2010-02-15 22:04:01) [GET]

ActionController::RoutingError (No route matches "/fonts/.swf" with {:method=>:get}):
  

Rendering rescues/layout (not_found)
  [4;35;1mSQL (0.1ms)[0m   [0mSET SQL_AUTO_IS_NULL=0[0m


Processing HomeController#index (for 127.0.0.1 at 2010-02-15 22:05:54) [GET]
Rendering template within layouts/application
Rendering home/index
Completed in 10ms (View: 9, DB: 0) | 200 OK [http://localhost/home]
  [4;36;1mSQL (0.1ms)[0m   [0;1mSET SQL_AUTO_IS_NULL=0[0m


Processing ApplicationController#index (for 127.0.0.1 at 2010-02-15 22:05:55) [GET]

ActionController::RoutingError (No route matches "/fonts/.swf" with {:method=>:get}):
  

Rendering rescues/layout (not_found)
  [4;35;1mSQL (0.1ms)[0m   [0mSET SQL_AUTO_IS_NULL=0[0m


Processing HomeController#index (for 127.0.0.1 at 2010-02-15 22:19:49) [GET]
Rendering template within layouts/application
Rendering home/index
Completed in 29ms (View: 28, DB: 0) | 200 OK [http://localhost/home]
  [4;36;1mSQL (0.1ms)[0m   [0;1mSET SQL_AUTO_IS_NULL=0[0m


Processing ApplicationController#index (for 127.0.0.1 at 2010-02-15 22:19:49) [GET]

ActionController::RoutingError (No route matches "/fonts/.swf" with {:method=>:get}):
  

Rendering rescues/layout (not_found)
  [4;35;1mSQL (0.3ms)[0m   [0mSET SQL_AUTO_IS_NULL=0[0m


Processing HomeController#index (for 127.0.0.1 at 2010-02-15 22:21:10) [GET]
Rendering template within layouts/application
Rendering home/index
Completed in 16ms (View: 14, DB: 0) | 200 OK [http://localhost/home]
  [4;36;1mSQL (0.1ms)[0m   [0;1mSET SQL_AUTO_IS_NULL=0[0m


Processing ApplicationController#index (for 127.0.0.1 at 2010-02-15 22:21:10) [GET]

ActionController::RoutingError (No route matches "/fonts/.swf" with {:method=>:get}):
  

Rendering rescues/layout (not_found)
  [4;35;1mSQL (0.2ms)[0m   [0mSET SQL_AUTO_IS_NULL=0[0m


Processing HomeController#index (for 127.0.0.1 at 2010-02-15 22:22:38) [GET]
Rendering template within layouts/application
Rendering home/index
Completed in 11ms (View: 10, DB: 0) | 200 OK [http://localhost/home]
  [4;36;1mSQL (0.1ms)[0m   [0;1mSET SQL_AUTO_IS_NULL=0[0m


Processing ApplicationController#index (for 127.0.0.1 at 2010-02-15 22:22:39) [GET]

ActionController::RoutingError (No route matches "/fonts/.swf" with {:method=>:get}):
  

Rendering rescues/layout (not_found)
  [4;35;1mSQL (0.1ms)[0m   [0mSET SQL_AUTO_IS_NULL=0[0m


Processing HomeController#index (for 127.0.0.1 at 2010-02-15 22:33:08) [GET]
Rendering template within layouts/application
Rendering home/index
Completed in 13ms (View: 11, DB: 0) | 200 OK [http://localhost/home]
  [4;36;1mSQL (0.2ms)[0m   [0;1mSET SQL_AUTO_IS_NULL=0[0m


Processing ApplicationController#index (for 127.0.0.1 at 2010-02-15 22:33:09) [GET]

ActionController::RoutingError (No route matches "/fonts/.swf" with {:method=>:get}):
  

Rendering rescues/layout (not_found)
  [4;35;1mSQL (0.2ms)[0m   [0mSET SQL_AUTO_IS_NULL=0[0m


Processing HomeController#index (for 127.0.0.1 at 2010-02-15 22:33:48) [GET]
Rendering template within layouts/application
Rendering home/index
Completed in 19ms (View: 17, DB: 0) | 200 OK [http://localhost/home]
  [4;36;1mSQL (0.1ms)[0m   [0;1mSET SQL_AUTO_IS_NULL=0[0m


Processing ApplicationController#index (for 127.0.0.1 at 2010-02-15 22:33:49) [GET]

ActionController::RoutingError (No route matches "/fonts/.swf" with {:method=>:get}):
  

Rendering rescues/layout (not_found)
  [4;35;1mSQL (0.1ms)[0m   [0mSET SQL_AUTO_IS_NULL=0[0m


Processing HomeController#index (for 127.0.0.1 at 2010-02-15 22:56:16) [GET]
Rendering template within layouts/application
Rendering home/index
Completed in 20ms (View: 19, DB: 0) | 200 OK [http://localhost/home]
  [4;36;1mSQL (0.1ms)[0m   [0;1mSET SQL_AUTO_IS_NULL=0[0m


Processing ApplicationController#index (for 127.0.0.1 at 2010-02-15 22:56:17) [GET]

ActionController::RoutingError (No route matches "/fonts/.swf" with {:method=>:get}):
  

Rendering rescues/layout (not_found)
  [4;35;1mSQL (0.1ms)[0m   [0mSET SQL_AUTO_IS_NULL=0[0m


Processing HomeController#index (for 127.0.0.1 at 2010-02-15 22:57:25) [GET]
Rendering template within layouts/application
Rendering home/index
Completed in 10ms (View: 9, DB: 0) | 200 OK [http://localhost/home]
  [4;36;1mSQL (0.1ms)[0m   [0;1mSET SQL_AUTO_IS_NULL=0[0m


Processing ApplicationController#index (for 127.0.0.1 at 2010-02-15 22:57:26) [GET]

ActionController::RoutingError (No route matches "/fonts/.swf" with {:method=>:get}):
  

Rendering rescues/layout (not_found)
  [4;35;1mSQL (0.1ms)[0m   [0mSET SQL_AUTO_IS_NULL=0[0m


Processing HomeController#index (for 127.0.0.1 at 2010-02-15 23:00:02) [GET]
Rendering template within layouts/application
Rendering home/index
Completed in 10ms (View: 9, DB: 0) | 200 OK [http://localhost/home]
  [4;36;1mSQL (0.1ms)[0m   [0;1mSET SQL_AUTO_IS_NULL=0[0m


Processing ApplicationController#index (for 127.0.0.1 at 2010-02-15 23:00:02) [GET]

ActionController::RoutingError (No route matches "/fonts/.swf" with {:method=>:get}):
  

Rendering rescues/layout (not_found)
  [4;35;1mSQL (0.1ms)[0m   [0mSET SQL_AUTO_IS_NULL=0[0m


Processing HomeController#index (for 127.0.0.1 at 2010-02-15 23:00:05) [GET]
Rendering template within layouts/application
Rendering home/index
Completed in 8ms (View: 6, DB: 0) | 200 OK [http://localhost/home]
  [4;36;1mSQL (0.1ms)[0m   [0;1mSET SQL_AUTO_IS_NULL=0[0m


Processing ApplicationController#index (for 127.0.0.1 at 2010-02-15 23:00:05) [GET]

ActionController::RoutingError (No route matches "/fonts/.swf" with {:method=>:get}):
  

Rendering rescues/layout (not_found)
  [4;35;1mSQL (0.1ms)[0m   [0mSET SQL_AUTO_IS_NULL=0[0m


Processing HomeController#index (for 127.0.0.1 at 2010-02-15 23:00:30) [GET]
Rendering template within layouts/application
Rendering home/index
Completed in 10ms (View: 9, DB: 0) | 200 OK [http://localhost/home]
  [4;36;1mSQL (0.1ms)[0m   [0;1mSET SQL_AUTO_IS_NULL=0[0m


Processing ApplicationController#index (for 127.0.0.1 at 2010-02-15 23:00:30) [GET]

ActionController::RoutingError (No route matches "/fonts/.swf" with {:method=>:get}):
  

Rendering rescues/layout (not_found)
  [4;35;1mSQL (0.1ms)[0m   [0mSET SQL_AUTO_IS_NULL=0[0m


Processing HomeController#index (for 127.0.0.1 at 2010-02-15 23:04:51) [GET]
Rendering template within layouts/application
Rendering home/index
Completed in 10ms (View: 9, DB: 0) | 200 OK [http://localhost/home]
  [4;36;1mSQL (0.1ms)[0m   [0;1mSET SQL_AUTO_IS_NULL=0[0m


Processing ApplicationController#index (for 127.0.0.1 at 2010-02-15 23:04:51) [GET]

ActionController::RoutingError (No route matches "/fonts/.swf" with {:method=>:get}):
  

Rendering rescues/layout (not_found)
  [4;35;1mSQL (0.1ms)[0m   [0mSET SQL_AUTO_IS_NULL=0[0m


Processing HomeController#index (for 127.0.0.1 at 2010-02-15 23:05:27) [GET]
Rendering template within layouts/application
Rendering home/index
Completed in 10ms (View: 9, DB: 0) | 200 OK [http://localhost/home]
  [4;36;1mSQL (0.1ms)[0m   [0;1mSET SQL_AUTO_IS_NULL=0[0m


Processing ApplicationController#index (for 127.0.0.1 at 2010-02-15 23:05:28) [GET]

ActionController::RoutingError (No route matches "/fonts/.swf" with {:method=>:get}):
  

Rendering rescues/layout (not_found)
  [4;35;1mSQL (0.1ms)[0m   [0mSET SQL_AUTO_IS_NULL=0[0m


Processing HomeController#index (for 127.0.0.1 at 2010-02-15 23:07:02) [GET]
Rendering template within layouts/application
Rendering home/index
Completed in 11ms (View: 9, DB: 0) | 200 OK [http://localhost/home]
  [4;36;1mSQL (0.1ms)[0m   [0;1mSET SQL_AUTO_IS_NULL=0[0m


Processing ApplicationController#index (for 127.0.0.1 at 2010-02-15 23:07:02) [GET]

ActionController::RoutingError (No route matches "/fonts/.swf" with {:method=>:get}):
  

Rendering rescues/layout (not_found)
  [4;35;1mSQL (0.5ms)[0m   [0mSET SQL_AUTO_IS_NULL=0[0m


Processing HomeController#index (for 127.0.0.1 at 2010-02-15 23:08:12) [GET]
Rendering template within layouts/application
Rendering home/index
Completed in 6ms (View: 4, DB: 0) | 200 OK [http://localhost/home]
  [4;36;1mSQL (0.1ms)[0m   [0;1mSET SQL_AUTO_IS_NULL=0[0m


Processing ApplicationController#index (for 127.0.0.1 at 2010-02-15 23:08:12) [GET]

ActionController::RoutingError (No route matches "/fonts/.swf" with {:method=>:get}):
  

Rendering rescues/layout (not_found)
  [4;35;1mSQL (0.1ms)[0m   [0mSET SQL_AUTO_IS_NULL=0[0m


Processing HomeController#index (for 127.0.0.1 at 2010-02-15 23:09:06) [GET]
Rendering template within layouts/application
Rendering home/index
Completed in 10ms (View: 9, DB: 0) | 200 OK [http://localhost/home]
  [4;36;1mSQL (0.1ms)[0m   [0;1mSET SQL_AUTO_IS_NULL=0[0m


Processing ApplicationController#index (for 127.0.0.1 at 2010-02-15 23:09:06) [GET]

ActionController::RoutingError (No route matches "/fonts/.swf" with {:method=>:get}):
  

Rendering rescues/layout (not_found)
  [4;35;1mSQL (0.1ms)[0m   [0mSET SQL_AUTO_IS_NULL=0[0m


Processing HomeController#index (for 127.0.0.1 at 2010-02-15 23:09:19) [GET]
Rendering template within layouts/application
Rendering home/index
Completed in 6ms (View: 4, DB: 0) | 200 OK [http://localhost/home]
  [4;36;1mSQL (0.1ms)[0m   [0;1mSET SQL_AUTO_IS_NULL=0[0m


Processing ApplicationController#index (for 127.0.0.1 at 2010-02-15 23:09:19) [GET]

ActionController::RoutingError (No route matches "/fonts/.swf" with {:method=>:get}):
  

Rendering rescues/layout (not_found)
  [4;35;1mSQL (0.1ms)[0m   [0mSET SQL_AUTO_IS_NULL=0[0m


Processing HomeController#index (for 127.0.0.1 at 2010-02-15 23:09:51) [GET]
Rendering template within layouts/application
Rendering home/index
Completed in 7ms (View: 5, DB: 0) | 200 OK [http://localhost/home]
  [4;36;1mSQL (0.1ms)[0m   [0;1mSET SQL_AUTO_IS_NULL=0[0m


Processing ApplicationController#index (for 127.0.0.1 at 2010-02-15 23:09:51) [GET]

ActionController::RoutingError (No route matches "/fonts/.swf" with {:method=>:get}):
  

Rendering rescues/layout (not_found)
  [4;35;1mSQL (0.1ms)[0m   [0mSET SQL_AUTO_IS_NULL=0[0m


Processing HomeController#index (for 127.0.0.1 at 2010-02-15 23:10:00) [GET]
Rendering template within layouts/application
Rendering home/index
Completed in 6ms (View: 4, DB: 0) | 200 OK [http://localhost/home]
  [4;36;1mSQL (0.1ms)[0m   [0;1mSET SQL_AUTO_IS_NULL=0[0m


Processing ApplicationController#index (for 127.0.0.1 at 2010-02-15 23:10:01) [GET]

ActionController::RoutingError (No route matches "/fonts/.swf" with {:method=>:get}):
  

Rendering rescues/layout (not_found)
  [4;35;1mSQL (0.1ms)[0m   [0mSET SQL_AUTO_IS_NULL=0[0m


Processing HomeController#index (for 127.0.0.1 at 2010-02-15 23:11:14) [GET]
Rendering template within layouts/application
Rendering home/index
Completed in 10ms (View: 9, DB: 0) | 200 OK [http://localhost/home]
  [4;36;1mSQL (0.1ms)[0m   [0;1mSET SQL_AUTO_IS_NULL=0[0m


Processing ApplicationController#index (for 127.0.0.1 at 2010-02-15 23:11:15) [GET]

ActionController::RoutingError (No route matches "/fonts/.swf" with {:method=>:get}):
  

Rendering rescues/layout (not_found)
  [4;35;1mSQL (0.1ms)[0m   [0mSET SQL_AUTO_IS_NULL=0[0m


Processing HomeController#index (for 127.0.0.1 at 2010-02-15 23:12:17) [GET]
Rendering template within layouts/application
Rendering home/index
Completed in 6ms (View: 5, DB: 0) | 200 OK [http://localhost/home]
  [4;36;1mSQL (0.1ms)[0m   [0;1mSET SQL_AUTO_IS_NULL=0[0m


Processing ApplicationController#index (for 127.0.0.1 at 2010-02-15 23:12:17) [GET]

ActionController::RoutingError (No route matches "/fonts/.swf" with {:method=>:get}):
  

Rendering rescues/layout (not_found)
  [4;35;1mSQL (0.1ms)[0m   [0mSET SQL_AUTO_IS_NULL=0[0m


Processing HomeController#index (for 127.0.0.1 at 2010-02-15 23:14:10) [GET]
Rendering template within layouts/application
Rendering home/index
Completed in 11ms (View: 9, DB: 0) | 200 OK [http://localhost/home]
  [4;36;1mSQL (0.1ms)[0m   [0;1mSET SQL_AUTO_IS_NULL=0[0m


Processing ApplicationController#index (for 127.0.0.1 at 2010-02-15 23:14:11) [GET]

ActionController::RoutingError (No route matches "/fonts/.swf" with {:method=>:get}):
  

Rendering rescues/layout (not_found)
  [4;35;1mSQL (0.1ms)[0m   [0mSET SQL_AUTO_IS_NULL=0[0m


Processing HomeController#index (for 127.0.0.1 at 2010-02-15 23:14:43) [GET]
Rendering template within layouts/application
Rendering home/index
Completed in 6ms (View: 5, DB: 0) | 200 OK [http://localhost/home]
  [4;36;1mSQL (0.1ms)[0m   [0;1mSET SQL_AUTO_IS_NULL=0[0m


Processing ApplicationController#index (for 127.0.0.1 at 2010-02-15 23:14:43) [GET]

ActionController::RoutingError (No route matches "/fonts/.swf" with {:method=>:get}):
  

Rendering rescues/layout (not_found)
  [4;35;1mSQL (0.1ms)[0m   [0mSET SQL_AUTO_IS_NULL=0[0m


Processing HomeController#index (for 127.0.0.1 at 2010-02-15 23:15:37) [GET]
Rendering template within layouts/application
Rendering home/index
Completed in 7ms (View: 6, DB: 0) | 200 OK [http://localhost/home]
  [4;36;1mSQL (0.1ms)[0m   [0;1mSET SQL_AUTO_IS_NULL=0[0m


Processing ApplicationController#index (for 127.0.0.1 at 2010-02-15 23:15:37) [GET]

ActionController::RoutingError (No route matches "/fonts/.swf" with {:method=>:get}):
  

Rendering rescues/layout (not_found)
  [4;35;1mSQL (0.1ms)[0m   [0mSET SQL_AUTO_IS_NULL=0[0m


Processing HomeController#index (for 127.0.0.1 at 2010-02-15 23:16:22) [GET]
Rendering template within layouts/application
Rendering home/index
Completed in 6ms (View: 5, DB: 0) | 200 OK [http://localhost/home]
  [4;36;1mSQL (0.1ms)[0m   [0;1mSET SQL_AUTO_IS_NULL=0[0m


Processing ApplicationController#index (for 127.0.0.1 at 2010-02-15 23:16:22) [GET]

ActionController::RoutingError (No route matches "/fonts/.swf" with {:method=>:get}):
  

Rendering rescues/layout (not_found)
  [4;35;1mSQL (0.1ms)[0m   [0mSET SQL_AUTO_IS_NULL=0[0m


Processing HomeController#index (for 127.0.0.1 at 2010-02-15 23:17:32) [GET]
Rendering template within layouts/application
Rendering home/index
Completed in 7ms (View: 5, DB: 0) | 200 OK [http://localhost/home]
  [4;36;1mSQL (0.1ms)[0m   [0;1mSET SQL_AUTO_IS_NULL=0[0m


Processing ApplicationController#index (for 127.0.0.1 at 2010-02-15 23:17:33) [GET]

ActionController::RoutingError (No route matches "/fonts/.swf" with {:method=>:get}):
  

Rendering rescues/layout (not_found)
  [4;35;1mSQL (0.1ms)[0m   [0mSET SQL_AUTO_IS_NULL=0[0m


Processing HomeController#index (for 127.0.0.1 at 2010-02-15 23:18:44) [GET]
Rendering template within layouts/application
Rendering home/index
Completed in 6ms (View: 5, DB: 0) | 200 OK [http://localhost/home]
  [4;36;1mSQL (0.1ms)[0m   [0;1mSET SQL_AUTO_IS_NULL=0[0m


Processing ApplicationController#index (for 127.0.0.1 at 2010-02-15 23:18:44) [GET]

ActionController::RoutingError (No route matches "/fonts/.swf" with {:method=>:get}):
  

Rendering rescues/layout (not_found)
  [4;35;1mSQL (0.1ms)[0m   [0mSET SQL_AUTO_IS_NULL=0[0m


Processing HomeController#index (for 127.0.0.1 at 2010-02-15 23:23:39) [GET]
Rendering template within layouts/application
Rendering home/index
Completed in 11ms (View: 9, DB: 0) | 200 OK [http://localhost/home]
  [4;36;1mSQL (0.1ms)[0m   [0;1mSET SQL_AUTO_IS_NULL=0[0m


Processing ApplicationController#index (for 127.0.0.1 at 2010-02-15 23:23:40) [GET]

ActionController::RoutingError (No route matches "/fonts/.swf" with {:method=>:get}):
  

Rendering rescues/layout (not_found)
  [4;35;1mSQL (0.1ms)[0m   [0mSET SQL_AUTO_IS_NULL=0[0m


Processing HomeController#index (for 127.0.0.1 at 2010-02-15 23:24:39) [GET]
Rendering template within layouts/application
Rendering home/index
Completed in 12ms (View: 10, DB: 0) | 200 OK [http://localhost/home]
  [4;36;1mSQL (0.4ms)[0m   [0;1mSET SQL_AUTO_IS_NULL=0[0m


Processing ApplicationController#index (for 127.0.0.1 at 2010-02-15 23:24:40) [GET]

ActionController::RoutingError (No route matches "/fonts/.swf" with {:method=>:get}):
  

Rendering rescues/layout (not_found)
  [4;35;1mSQL (0.1ms)[0m   [0mSET SQL_AUTO_IS_NULL=0[0m


Processing HomeController#index (for 127.0.0.1 at 2010-02-15 23:25:40) [GET]
Rendering template within layouts/application
Rendering home/index
Completed in 10ms (View: 9, DB: 0) | 200 OK [http://localhost/home]
  [4;36;1mSQL (0.1ms)[0m   [0;1mSET SQL_AUTO_IS_NULL=0[0m


Processing ApplicationController#index (for 127.0.0.1 at 2010-02-15 23:25:40) [GET]

ActionController::RoutingError (No route matches "/fonts/.swf" with {:method=>:get}):
  

Rendering rescues/layout (not_found)
  [4;35;1mSQL (0.1ms)[0m   [0mSET SQL_AUTO_IS_NULL=0[0m


Processing HomeController#index (for 127.0.0.1 at 2010-02-15 23:26:13) [GET]
Rendering template within layouts/application
Rendering home/index
Completed in 11ms (View: 9, DB: 0) | 200 OK [http://localhost/home]
  [4;36;1mSQL (0.2ms)[0m   [0;1mSET SQL_AUTO_IS_NULL=0[0m


Processing ApplicationController#index (for 127.0.0.1 at 2010-02-15 23:26:14) [GET]

ActionController::RoutingError (No route matches "/fonts/.swf" with {:method=>:get}):
  

Rendering rescues/layout (not_found)
  [4;35;1mSQL (0.1ms)[0m   [0mSET SQL_AUTO_IS_NULL=0[0m


Processing HomeController#index (for 127.0.0.1 at 2010-02-15 23:27:25) [GET]
Rendering template within layouts/application
Rendering home/index
Completed in 10ms (View: 9, DB: 0) | 200 OK [http://localhost/home]
  [4;36;1mSQL (0.1ms)[0m   [0;1mSET SQL_AUTO_IS_NULL=0[0m


Processing ApplicationController#index (for 127.0.0.1 at 2010-02-15 23:27:25) [GET]

ActionController::RoutingError (No route matches "/fonts/.swf" with {:method=>:get}):
  

Rendering rescues/layout (not_found)
  [4;35;1mSQL (3.8ms)[0m   [0mSET SQL_AUTO_IS_NULL=0[0m


Processing HomeController#index (for 127.0.0.1 at 2010-02-15 23:28:06) [GET]
Rendering template within layouts/application
Rendering home/index
Completed in 6ms (View: 5, DB: 4) | 200 OK [http://localhost/home]
  [4;36;1mSQL (0.1ms)[0m   [0;1mSET SQL_AUTO_IS_NULL=0[0m


Processing ApplicationController#index (for 127.0.0.1 at 2010-02-15 23:28:06) [GET]

ActionController::RoutingError (No route matches "/fonts/.swf" with {:method=>:get}):
  

Rendering rescues/layout (not_found)
  [4;35;1mSQL (0.1ms)[0m   [0mSET SQL_AUTO_IS_NULL=0[0m


Processing HomeController#index (for 127.0.0.1 at 2010-02-15 23:28:18) [GET]
Rendering template within layouts/application
Rendering home/index
Completed in 7ms (View: 5, DB: 0) | 200 OK [http://localhost/home]
  [4;36;1mSQL (0.1ms)[0m   [0;1mSET SQL_AUTO_IS_NULL=0[0m


Processing ApplicationController#index (for 127.0.0.1 at 2010-02-15 23:28:19) [GET]

ActionController::RoutingError (No route matches "/fonts/.swf" with {:method=>:get}):
  

Rendering rescues/layout (not_found)
  [4;35;1mSQL (0.1ms)[0m   [0mSET SQL_AUTO_IS_NULL=0[0m


Processing HomeController#index (for 127.0.0.1 at 2010-02-15 23:29:20) [GET]
Rendering template within layouts/application
Rendering home/index
Completed in 6ms (View: 4, DB: 0) | 200 OK [http://localhost/home]
  [4;36;1mSQL (0.1ms)[0m   [0;1mSET SQL_AUTO_IS_NULL=0[0m


Processing ApplicationController#index (for 127.0.0.1 at 2010-02-15 23:29:20) [GET]

ActionController::RoutingError (No route matches "/fonts/.swf" with {:method=>:get}):
  

Rendering rescues/layout (not_found)
  [4;35;1mSQL (0.1ms)[0m   [0mSET SQL_AUTO_IS_NULL=0[0m


Processing HomeController#index (for 127.0.0.1 at 2010-02-15 23:31:03) [GET]
Rendering template within layouts/application
Rendering home/index
Completed in 11ms (View: 10, DB: 0) | 200 OK [http://localhost/home]
  [4;36;1mSQL (0.3ms)[0m   [0;1mSET SQL_AUTO_IS_NULL=0[0m


Processing ApplicationController#index (for 127.0.0.1 at 2010-02-15 23:31:04) [GET]

ActionController::RoutingError (No route matches "/fonts/.swf" with {:method=>:get}):
  

Rendering rescues/layout (not_found)
  [4;35;1mSQL (0.2ms)[0m   [0mSET SQL_AUTO_IS_NULL=0[0m


Processing HomeController#index (for 127.0.0.1 at 2010-02-15 23:31:37) [GET]
Rendering template within layouts/application
Rendering home/index
Completed in 53ms (View: 51, DB: 0) | 200 OK [http://localhost/home]
  [4;36;1mSQL (0.1ms)[0m   [0;1mSET SQL_AUTO_IS_NULL=0[0m


Processing ApplicationController#index (for 127.0.0.1 at 2010-02-15 23:31:38) [GET]

ActionController::RoutingError (No route matches "/fonts/.swf" with {:method=>:get}):
  

Rendering rescues/layout (not_found)
  [4;35;1mSQL (2.6ms)[0m   [0mSET SQL_AUTO_IS_NULL=0[0m


Processing HomeController#index (for 127.0.0.1 at 2010-02-15 23:31:54) [GET]
Rendering template within layouts/application
Rendering home/index
Completed in 6ms (View: 5, DB: 3) | 200 OK [http://localhost/home]
  [4;36;1mSQL (0.4ms)[0m   [0;1mSET SQL_AUTO_IS_NULL=0[0m


Processing HomeController#index (for 127.0.0.1 at 2010-02-15 23:32:38) [GET]
Rendering template within layouts/application
Rendering home/index
Completed in 12ms (View: 10, DB: 0) | 200 OK [http://localhost/home]
  [4;35;1mSQL (0.1ms)[0m   [0mSET SQL_AUTO_IS_NULL=0[0m


Processing ApplicationController#index (for 127.0.0.1 at 2010-02-15 23:32:38) [GET]

ActionController::RoutingError (No route matches "/fonts/.swf" with {:method=>:get}):
  

Rendering rescues/layout (not_found)
  [4;36;1mSQL (0.2ms)[0m   [0;1mSET SQL_AUTO_IS_NULL=0[0m


Processing HomeController#index (for 127.0.0.1 at 2010-02-15 23:32:45) [GET]
Rendering template within layouts/application
Rendering home/index
Completed in 10ms (View: 8, DB: 0) | 200 OK [http://localhost/home]
  [4;35;1mSQL (0.2ms)[0m   [0mSET SQL_AUTO_IS_NULL=0[0m


Processing HomeController#index (for 127.0.0.1 at 2010-02-15 23:33:18) [GET]
Rendering template within layouts/application
Rendering home/index
Completed in 11ms (View: 10, DB: 0) | 200 OK [http://localhost/home]
  [4;36;1mSQL (0.1ms)[0m   [0;1mSET SQL_AUTO_IS_NULL=0[0m


Processing HomeController#index (for 127.0.0.1 at 2010-02-15 23:33:25) [GET]
Rendering template within layouts/application
Rendering home/index
Completed in 49ms (View: 47, DB: 0) | 200 OK [http://localhost/home]
  [4;35;1mSQL (0.1ms)[0m   [0mSET SQL_AUTO_IS_NULL=0[0m


Processing ApplicationController#index (for 127.0.0.1 at 2010-02-15 23:33:25) [GET]

ActionController::RoutingError (No route matches "/fonts/.swf" with {:method=>:get}):
  

Rendering rescues/layout (not_found)
  [4;36;1mSQL (0.2ms)[0m   [0;1mSET SQL_AUTO_IS_NULL=0[0m


Processing HomeController#index (for 127.0.0.1 at 2010-02-15 23:34:08) [GET]
Rendering template within layouts/application
Rendering home/index
Completed in 8ms (View: 7, DB: 0) | 200 OK [http://localhost/home]
  [4;35;1mSQL (0.2ms)[0m   [0mSET SQL_AUTO_IS_NULL=0[0m


Processing HomeController#index (for 127.0.0.1 at 2010-02-15 23:34:25) [GET]
Rendering template within layouts/application
Rendering home/index
Completed in 6ms (View: 5, DB: 0) | 200 OK [http://localhost/home]
  [4;36;1mSQL (0.1ms)[0m   [0;1mSET SQL_AUTO_IS_NULL=0[0m


Processing ApplicationController#index (for 127.0.0.1 at 2010-02-15 23:34:25) [GET]

ActionController::RoutingError (No route matches "/fonts/.swf" with {:method=>:get}):
  

Rendering rescues/layout (not_found)
  [4;35;1mSQL (0.3ms)[0m   [0mSET SQL_AUTO_IS_NULL=0[0m


Processing HomeController#index (for 127.0.0.1 at 2010-02-15 23:35:51) [GET]
Rendering template within layouts/application
Rendering home/index
Completed in 12ms (View: 10, DB: 0) | 200 OK [http://localhost/home]
  [4;36;1mSQL (0.1ms)[0m   [0;1mSET SQL_AUTO_IS_NULL=0[0m


Processing ApplicationController#index (for 127.0.0.1 at 2010-02-15 23:35:51) [GET]

ActionController::RoutingError (No route matches "/fonts/.swf" with {:method=>:get}):
  

Rendering rescues/layout (not_found)
  [4;35;1mSQL (0.1ms)[0m   [0mSET SQL_AUTO_IS_NULL=0[0m


Processing HomeController#index (for 127.0.0.1 at 2010-02-15 23:36:05) [GET]
Rendering template within layouts/application
Rendering home/index
Completed in 6ms (View: 5, DB: 0) | 200 OK [http://localhost/home]
  [4;36;1mSQL (0.2ms)[0m   [0;1mSET SQL_AUTO_IS_NULL=0[0m


Processing HomeController#index (for 127.0.0.1 at 2010-02-15 23:36:41) [GET]
Rendering template within layouts/application
Rendering home/index
Completed in 12ms (View: 10, DB: 0) | 200 OK [http://localhost/home]
  [4;35;1mSQL (0.1ms)[0m   [0mSET SQL_AUTO_IS_NULL=0[0m


Processing HomeController#index (for 127.0.0.1 at 2010-02-15 23:37:17) [GET]
Rendering template within layouts/application
Rendering home/index
Completed in 8ms (View: 6, DB: 0) | 200 OK [http://localhost/home]
  [4;36;1mSQL (0.1ms)[0m   [0;1mSET SQL_AUTO_IS_NULL=0[0m


Processing HomeController#index (for 127.0.0.1 at 2010-02-15 23:37:26) [GET]
Rendering template within layouts/application
Rendering home/index
Completed in 7ms (View: 5, DB: 0) | 200 OK [http://localhost/home]
  [4;35;1mSQL (0.1ms)[0m   [0mSET SQL_AUTO_IS_NULL=0[0m


Processing ApplicationController#index (for 127.0.0.1 at 2010-02-15 23:37:27) [GET]

ActionController::RoutingError (No route matches "/fonts/.swf" with {:method=>:get}):
  

Rendering rescues/layout (not_found)
  [4;36;1mSQL (0.1ms)[0m   [0;1mSET SQL_AUTO_IS_NULL=0[0m


Processing HomeController#index (for 127.0.0.1 at 2010-02-15 23:37:52) [GET]
Rendering template within layouts/application
Rendering home/index
Completed in 8ms (View: 5, DB: 0) | 200 OK [http://localhost/home]
  [4;35;1mSQL (0.1ms)[0m   [0mSET SQL_AUTO_IS_NULL=0[0m


Processing HomeController#index (for 127.0.0.1 at 2010-02-15 23:38:13) [GET]
Rendering template within layouts/application
Rendering home/index
Completed in 7ms (View: 6, DB: 0) | 200 OK [http://localhost/home]
  [4;36;1mSQL (0.1ms)[0m   [0;1mSET SQL_AUTO_IS_NULL=0[0m


Processing HomeController#index (for 127.0.0.1 at 2010-02-15 23:38:21) [GET]
Rendering template within layouts/application
Rendering home/index
Completed in 6ms (View: 5, DB: 0) | 200 OK [http://localhost/home]
  [4;35;1mSQL (0.1ms)[0m   [0mSET SQL_AUTO_IS_NULL=0[0m


Processing ApplicationController#index (for 127.0.0.1 at 2010-02-15 23:38:22) [GET]

ActionController::RoutingError (No route matches "/fonts/.swf" with {:method=>:get}):
  

Rendering rescues/layout (not_found)
  [4;36;1mSQL (0.2ms)[0m   [0;1mSET SQL_AUTO_IS_NULL=0[0m


Processing HomeController#index (for 127.0.0.1 at 2010-02-15 23:39:53) [GET]
Rendering template within layouts/application
Rendering home/index
Completed in 12ms (View: 10, DB: 0) | 200 OK [http://localhost/home]
  [4;35;1mSQL (0.1ms)[0m   [0mSET SQL_AUTO_IS_NULL=0[0m


Processing ApplicationController#index (for 127.0.0.1 at 2010-02-15 23:39:54) [GET]

ActionController::RoutingError (No route matches "/fonts/.swf" with {:method=>:get}):
  

Rendering rescues/layout (not_found)
  [4;36;1mSQL (0.1ms)[0m   [0;1mSET SQL_AUTO_IS_NULL=0[0m


Processing HomeController#index (for 127.0.0.1 at 2010-02-15 23:40:05) [GET]
Rendering template within layouts/application
Rendering home/index
Completed in 6ms (View: 5, DB: 0) | 200 OK [http://localhost/home]
  [4;35;1mSQL (0.1ms)[0m   [0mSET SQL_AUTO_IS_NULL=0[0m


Processing HomeController#index (for 127.0.0.1 at 2010-02-15 23:41:27) [GET]
Rendering template within layouts/application
Rendering home/index
Completed in 11ms (View: 9, DB: 0) | 200 OK [http://localhost/home]
  [4;36;1mSQL (0.1ms)[0m   [0;1mSET SQL_AUTO_IS_NULL=0[0m


Processing ApplicationController#index (for 127.0.0.1 at 2010-02-15 23:41:27) [GET]

ActionController::RoutingError (No route matches "/fonts/.swf" with {:method=>:get}):
  

Rendering rescues/layout (not_found)
  [4;35;1mSQL (0.1ms)[0m   [0mSET SQL_AUTO_IS_NULL=0[0m


Processing HomeController#index (for 127.0.0.1 at 2010-02-15 23:42:15) [GET]
Rendering template within layouts/application
Rendering home/index
Completed in 11ms (View: 10, DB: 0) | 200 OK [http://localhost/home]
  [4;36;1mSQL (0.1ms)[0m   [0;1mSET SQL_AUTO_IS_NULL=0[0m


Processing ApplicationController#index (for 127.0.0.1 at 2010-02-15 23:42:16) [GET]

ActionController::RoutingError (No route matches "/fonts/.swf" with {:method=>:get}):
  

Rendering rescues/layout (not_found)
  [4;35;1mSQL (0.1ms)[0m   [0mSET SQL_AUTO_IS_NULL=0[0m


Processing HomeController#index (for 127.0.0.1 at 2010-02-15 23:42:31) [GET]
Rendering template within layouts/application
Rendering home/index
Completed in 14ms (View: 13, DB: 0) | 200 OK [http://localhost/home]
  [4;36;1mSQL (0.1ms)[0m   [0;1mSET SQL_AUTO_IS_NULL=0[0m


Processing ApplicationController#index (for 127.0.0.1 at 2010-02-15 23:42:32) [GET]

ActionController::RoutingError (No route matches "/fonts/.swf" with {:method=>:get}):
  

Rendering rescues/layout (not_found)
  [4;35;1mSQL (0.2ms)[0m   [0mSET SQL_AUTO_IS_NULL=0[0m


Processing HomeController#index (for 127.0.0.1 at 2010-02-15 23:43:06) [GET]
Rendering template within layouts/application
Rendering home/index
Completed in 11ms (View: 9, DB: 0) | 200 OK [http://localhost/home]
  [4;36;1mSQL (0.1ms)[0m   [0;1mSET SQL_AUTO_IS_NULL=0[0m


Processing ApplicationController#index (for 127.0.0.1 at 2010-02-15 23:43:07) [GET]

ActionController::RoutingError (No route matches "/fonts/.swf" with {:method=>:get}):
  

Rendering rescues/layout (not_found)
  [4;35;1mSQL (0.3ms)[0m   [0mSET SQL_AUTO_IS_NULL=0[0m


Processing HomeController#index (for 127.0.0.1 at 2010-02-15 23:43:18) [GET]
Rendering template within layouts/application
Rendering home/index
Completed in 8ms (View: 6, DB: 0) | 200 OK [http://localhost/home]
  [4;36;1mSQL (0.1ms)[0m   [0;1mSET SQL_AUTO_IS_NULL=0[0m


Processing HomeController#index (for 127.0.0.1 at 2010-02-15 23:43:49) [GET]
Rendering template within layouts/application
Rendering home/index
Completed in 65ms (View: 63, DB: 0) | 200 OK [http://localhost/home]
  [4;35;1mSQL (0.1ms)[0m   [0mSET SQL_AUTO_IS_NULL=0[0m


Processing ApplicationController#index (for 127.0.0.1 at 2010-02-15 23:43:50) [GET]

ActionController::RoutingError (No route matches "/fonts/.swf" with {:method=>:get}):
  

Rendering rescues/layout (not_found)
  [4;36;1mSQL (0.1ms)[0m   [0;1mSET SQL_AUTO_IS_NULL=0[0m


Processing HomeController#index (for 127.0.0.1 at 2010-02-15 23:44:17) [GET]
Rendering template within layouts/application
Rendering home/index
Completed in 7ms (View: 5, DB: 0) | 200 OK [http://localhost/home]
  [4;35;1mSQL (0.1ms)[0m   [0mSET SQL_AUTO_IS_NULL=0[0m


Processing HomeController#index (for 127.0.0.1 at 2010-02-15 23:45:05) [GET]
Rendering template within layouts/application
Rendering home/index
Completed in 15ms (View: 11, DB: 0) | 200 OK [http://localhost/home]
  [4;36;1mSQL (0.1ms)[0m   [0;1mSET SQL_AUTO_IS_NULL=0[0m


Processing HomeController#index (for 127.0.0.1 at 2010-02-15 23:45:43) [GET]
Rendering template within layouts/application
Rendering home/index
Completed in 11ms (View: 9, DB: 0) | 200 OK [http://localhost/home]
  [4;35;1mSQL (0.4ms)[0m   [0mSET SQL_AUTO_IS_NULL=0[0m


Processing ApplicationController#index (for 127.0.0.1 at 2010-02-15 23:45:44) [GET]

ActionController::RoutingError (No route matches "/fonts/.swf" with {:method=>:get}):
  

Rendering rescues/layout (not_found)
  [4;36;1mSQL (0.1ms)[0m   [0;1mSET SQL_AUTO_IS_NULL=0[0m


Processing HomeController#index (for 127.0.0.1 at 2010-02-15 23:46:14) [GET]
Rendering template within layouts/application
Rendering home/index
Completed in 63ms (View: 60, DB: 0) | 200 OK [http://localhost/home]
  [4;35;1mSQL (0.2ms)[0m   [0mSET SQL_AUTO_IS_NULL=0[0m


Processing HomeController#index (for 127.0.0.1 at 2010-02-15 23:46:47) [GET]
Rendering template within layouts/application
Rendering home/index
Completed in 8ms (View: 6, DB: 0) | 200 OK [http://localhost/home]
  [4;36;1mSQL (0.1ms)[0m   [0;1mSET SQL_AUTO_IS_NULL=0[0m


Processing HomeController#index (for 127.0.0.1 at 2010-02-15 23:47:08) [GET]
Rendering template within layouts/application
Rendering home/index
Completed in 18ms (View: 16, DB: 0) | 200 OK [http://localhost/home]
